<?xml version="1.0" encoding="UTF-8"?>
<!-- Generated by org.testng.reporters.JUnitReportReporter -->
<testsuite skipped="0" hostname="LAPTOP-H19DPLQJ" name="IBM.RestAssured.RestAssuredSample3" tests="1" failures="0" timestamp="15 Mar 2022 04:16:41 GMT" time="2.270" errors="0">
  <testcase name="pojoExample" time="2.270" classname="IBM.RestAssured.RestAssuredSample3"/>
</testsuite> <!-- IBM.RestAssured.RestAssuredSample3 -->
