<?xml version="1.0" encoding="UTF-8"?>
<!-- Generated by org.testng.reporters.JUnitReportReporter -->
<testsuite skipped="0" hostname="LAPTOP-H19DPLQJ" name="IBM.RestAssured.RestAssuredTask1" tests="5" failures="0" timestamp="15 Mar 2022 06:44:26 GMT" time="8.842" errors="0">
  <testcase name="userLogout" time="1.398" classname="IBM.RestAssured.RestAssuredTask1"/>
  <testcase name="userLogin" time="1.381" classname="IBM.RestAssured.RestAssuredTask1"/>
  <testcase name="userDelete" time="1.350" classname="IBM.RestAssured.RestAssuredTask1"/>
  <testcase name="createUser" time="3.297" classname="IBM.RestAssured.RestAssuredTask1"/>
  <testcase name="modifyUser" time="1.416" classname="IBM.RestAssured.RestAssuredTask1"/>
</testsuite> <!-- IBM.RestAssured.RestAssuredTask1 -->
