<?xml version="1.0" encoding="UTF-8"?>
<!-- Generated by org.testng.reporters.JUnitReportReporter -->
<testsuite skipped="2" hostname="LAPTOP-H19DPLQJ" name="IBM.RestAssured.RestAssuredSample2" tests="4" failures="0" timestamp="14 Mar 2022 14:50:02 GMT" time="5.177" errors="0">
  <testcase name="jsonObject" time="5.113" classname="IBM.RestAssured.RestAssuredSample2"/>
  <testcase name="getDetails" time="0.064" classname="IBM.RestAssured.RestAssuredSample2"/>
  <testcase name="jsonInputFile" classname="IBM.RestAssured.RestAssuredSample2">
    <skipped/>
  </testcase> <!-- jsonInputFile -->
  <testcase name="jsonToString" classname="IBM.RestAssured.RestAssuredSample2">
    <skipped/>
  </testcase> <!-- jsonToString -->
</testsuite> <!-- IBM.RestAssured.RestAssuredSample2 -->
