<?xml version="1.0" encoding="UTF-8"?>
<!-- Generated by org.testng.reporters.JUnitReportReporter -->
<testsuite skipped="2" hostname="LAPTOP-H19DPLQJ" name="IBM.RestAssured.RestAssuredSample1" tests="3" failures="0" timestamp="11 Mar 2022 05:28:19 GMT" time="2.868" errors="0">
  <testcase name="testCase2" time="2.868" classname="IBM.RestAssured.RestAssuredSample1"/>
  <testcase name="testCase" classname="IBM.RestAssured.RestAssuredSample1">
    <skipped/>
  </testcase> <!-- testCase -->
  <testcase name="testCase1" classname="IBM.RestAssured.RestAssuredSample1">
    <skipped/>
  </testcase> <!-- testCase1 -->
</testsuite> <!-- IBM.RestAssured.RestAssuredSample1 -->
